[2025-06-20 22:59:04,498: INFO: common: yaml file: config\config.yaml loaded successfully]
[2025-06-20 23:04:49,307: INFO: common: yaml file: src\project\config\config.yaml loaded successfully]
[2025-06-20 23:04:49,315: INFO: common: yaml file: params.yaml loaded successfully]
[2025-06-20 23:04:49,318: INFO: common: yaml file: schema.yaml loaded successfully]
[2025-06-20 23:04:49,319: INFO: common: Created Directory at: artifacts]
[2025-06-20 23:04:49,321: INFO: common: Created Directory at: artifacts/data_ingestion]
[2025-06-20 23:05:15,871: INFO: common: yaml file: src\project\config\config.yaml loaded successfully]
[2025-06-20 23:05:15,873: INFO: common: yaml file: params.yaml loaded successfully]
[2025-06-20 23:05:15,875: INFO: common: yaml file: schema.yaml loaded successfully]
[2025-06-20 23:05:15,877: INFO: common: Created Directory at: artifacts]
[2025-06-20 23:05:15,878: INFO: common: Created Directory at: artifacts/data_ingestion]
[2025-06-20 23:05:17,491: INFO: 251335794: artifacts/data_ingestion/data.zip download! with following info: 
Connection: close
Content-Length: 23329
Cache-Control: max-age=300
Content-Security-Policy: default-src 'none'; style-src 'unsafe-inline'; sandbox
Content-Type: application/zip
ETag: "c69888a4ae59bc5a893392785a938ccd4937981c06ba8a9d6a21aa52b4ab5b6e"
Strict-Transport-Security: max-age=31536000
X-Content-Type-Options: nosniff
X-Frame-Options: deny
X-XSS-Protection: 1; mode=block
X-GitHub-Request-Id: 45B4:1333EB:439A1:9F093:68559BD6
Accept-Ranges: bytes
Date: Fri, 20 Jun 2025 17:35:18 GMT
Via: 1.1 varnish
X-Served-By: cache-bom4729-BOM
X-Cache: MISS
X-Cache-Hits: 0
X-Timer: S1750440919.538000,VS0,VE389
Vary: Authorization,Accept-Encoding
Access-Control-Allow-Origin: *
Cross-Origin-Resource-Policy: cross-origin
X-Fastly-Request-ID: 6064664d5840d49197733eb67c5fbd4f3690b101
Expires: Fri, 20 Jun 2025 17:40:18 GMT
Source-Age: 0

]
[2025-06-22 04:01:52,107: INFO: common: yaml file: src\project\config\config.yaml loaded successfully]
[2025-06-22 04:01:52,110: INFO: common: yaml file: schema.yaml loaded successfully]
[2025-06-22 04:01:52,113: INFO: common: yaml file: params.yaml loaded successfully]
[2025-06-22 04:02:19,335: INFO: common: yaml file: src\project\config\config.yaml loaded successfully]
[2025-06-22 04:02:19,338: INFO: common: yaml file: schema.yaml loaded successfully]
[2025-06-22 04:02:19,340: INFO: common: yaml file: params.yaml loaded successfully]
[2025-06-22 04:02:19,342: INFO: common: Created Directory at: artifacts]
[2025-06-22 04:02:19,343: INFO: common: Created Directory at: artifacts/data_validation]
[2025-06-22 04:19:15,451: INFO: main: >>>> stage 'Data Ingestion Stage' started <<<<]
[2025-06-22 04:19:15,453: INFO: common: yaml file: src\project\config\config.yaml loaded successfully]
[2025-06-22 04:19:15,454: INFO: common: yaml file: params.yaml loaded successfully]
[2025-06-22 04:19:15,456: INFO: common: yaml file: schema.yaml loaded successfully]
[2025-06-22 04:19:15,457: INFO: common: Created Directory at: artifacts]
[2025-06-22 04:19:15,457: INFO: common: Created Directory at: artifacts/data_ingestion]
[2025-06-22 04:19:15,466: INFO: data_ingestion: File already exists]
[2025-06-22 04:19:15,484: INFO: main: >>>> stage 'Data Ingestion Stage' completed <<<<]
[2025-06-22 04:19:15,485: INFO: main: >>>> stage 'Data Validation Stage' started <<<<]
[2025-06-22 04:19:15,487: INFO: common: yaml file: src\project\config\config.yaml loaded successfully]
[2025-06-22 04:19:15,488: INFO: common: yaml file: params.yaml loaded successfully]
[2025-06-22 04:19:15,490: INFO: common: yaml file: schema.yaml loaded successfully]
[2025-06-22 04:19:15,491: INFO: common: Created Directory at: artifacts]
[2025-06-22 04:19:15,491: INFO: common: Created Directory at: artifacts/data_validation]
[2025-06-22 04:19:15,509: INFO: main: >>>> stage 'Data Validation Stage' completed <<<<]
[2025-06-22 04:35:39,719: INFO: common: yaml file: src\project\config\config.yaml loaded successfully]
[2025-06-22 04:35:39,721: INFO: common: yaml file: schema.yaml loaded successfully]
[2025-06-22 04:35:39,723: INFO: common: yaml file: params.yaml loaded successfully]
[2025-06-22 04:35:39,724: INFO: common: Created Directory at: artifacts]
[2025-06-22 04:35:39,726: INFO: common: Created Directory at: artifacts/data_transformation]
[2025-06-22 04:36:16,515: INFO: common: yaml file: src\project\config\config.yaml loaded successfully]
[2025-06-22 04:36:16,520: INFO: common: yaml file: schema.yaml loaded successfully]
[2025-06-22 04:36:16,522: INFO: common: yaml file: params.yaml loaded successfully]
[2025-06-22 04:36:16,524: INFO: common: Created Directory at: artifacts]
[2025-06-22 04:36:16,525: INFO: common: Created Directory at: artifacts/data_transformation]
[2025-06-22 04:36:16,556: INFO: 1916711274: Split the data into train-test sets]
[2025-06-22 04:36:16,557: INFO: 1916711274: Train data shape: (1279, 12)]
[2025-06-22 04:36:16,558: INFO: 1916711274: Test data shape: (320, 12)]
[2025-06-22 04:42:51,889: INFO: main: >>>> stage 'Data Ingestion Stage' started <<<<]
[2025-06-22 04:42:51,890: INFO: common: yaml file: src\project\config\config.yaml loaded successfully]
[2025-06-22 04:42:51,891: INFO: common: yaml file: params.yaml loaded successfully]
[2025-06-22 04:42:51,892: INFO: common: yaml file: schema.yaml loaded successfully]
[2025-06-22 04:42:51,893: INFO: common: Created Directory at: artifacts]
[2025-06-22 04:42:51,893: INFO: common: Created Directory at: artifacts/data_ingestion]
[2025-06-22 04:42:51,893: INFO: data_ingestion: File already exists]
[2025-06-22 04:42:51,896: INFO: main: >>>> stage 'Data Ingestion Stage' completed <<<<]
[2025-06-22 04:42:51,896: INFO: main: >>>> stage 'Data Validation Stage' started <<<<]
[2025-06-22 04:42:51,898: INFO: common: yaml file: src\project\config\config.yaml loaded successfully]
[2025-06-22 04:42:51,898: INFO: common: yaml file: params.yaml loaded successfully]
[2025-06-22 04:42:51,901: INFO: common: yaml file: schema.yaml loaded successfully]
[2025-06-22 04:42:51,902: INFO: common: Created Directory at: artifacts]
[2025-06-22 04:42:51,902: INFO: common: Created Directory at: artifacts/data_validation]
[2025-06-22 04:42:51,925: INFO: main: >>>> stage 'Data Validation Stage' completed <<<<]
[2025-06-22 04:42:51,925: INFO: main: >>>> stage 'Data Transformation Stage' started <<<<]
[2025-06-22 04:42:51,927: INFO: common: yaml file: src\project\config\config.yaml loaded successfully]
[2025-06-22 04:42:51,928: INFO: common: yaml file: params.yaml loaded successfully]
[2025-06-22 04:42:51,929: INFO: common: yaml file: schema.yaml loaded successfully]
[2025-06-22 04:42:51,930: INFO: common: Created Directory at: artifacts]
[2025-06-22 04:42:51,930: INFO: common: Created Directory at: artifacts/data_transformation]
[2025-06-22 04:42:51,949: INFO: data_transformation: Split the data into train-test sets]
[2025-06-22 04:42:51,949: INFO: data_transformation: Train data shape: (1279, 12)]
[2025-06-22 04:42:51,950: INFO: data_transformation: Test data shape: (320, 12)]
[2025-06-22 04:42:51,950: INFO: main: >>>> stage 'Data Transformation Stage' completed <<<<]
[2025-06-22 04:43:20,033: INFO: main: >>>> stage 'Data Ingestion Stage' started <<<<]
[2025-06-22 04:43:20,035: INFO: common: yaml file: src\project\config\config.yaml loaded successfully]
[2025-06-22 04:43:20,035: INFO: common: yaml file: params.yaml loaded successfully]
[2025-06-22 04:43:20,036: INFO: common: yaml file: schema.yaml loaded successfully]
[2025-06-22 04:43:20,037: INFO: common: Created Directory at: artifacts]
[2025-06-22 04:43:20,037: INFO: common: Created Directory at: artifacts/data_ingestion]
[2025-06-22 04:43:20,038: INFO: data_ingestion: File already exists]
[2025-06-22 04:43:20,042: INFO: main: >>>> stage 'Data Ingestion Stage' completed <<<<

]
[2025-06-22 04:43:20,042: INFO: main: >>>> stage 'Data Validation Stage' started <<<<]
[2025-06-22 04:43:20,044: INFO: common: yaml file: src\project\config\config.yaml loaded successfully]
[2025-06-22 04:43:20,044: INFO: common: yaml file: params.yaml loaded successfully]
[2025-06-22 04:43:20,046: INFO: common: yaml file: schema.yaml loaded successfully]
[2025-06-22 04:43:20,047: INFO: common: Created Directory at: artifacts]
[2025-06-22 04:43:20,048: INFO: common: Created Directory at: artifacts/data_validation]
[2025-06-22 04:43:20,070: INFO: main: >>>> stage 'Data Validation Stage' completed <<<<

]
[2025-06-22 04:43:20,070: INFO: main: >>>> stage 'Data Transformation Stage' started <<<<]
[2025-06-22 04:43:20,071: INFO: common: yaml file: src\project\config\config.yaml loaded successfully]
[2025-06-22 04:43:20,072: INFO: common: yaml file: params.yaml loaded successfully]
[2025-06-22 04:43:20,073: INFO: common: yaml file: schema.yaml loaded successfully]
[2025-06-22 04:43:20,074: INFO: common: Created Directory at: artifacts]
[2025-06-22 04:43:20,074: INFO: common: Created Directory at: artifacts/data_transformation]
[2025-06-22 04:43:20,092: INFO: data_transformation: Split the data into train-test sets]
[2025-06-22 04:43:20,092: INFO: data_transformation: Train data shape: (1279, 12)]
[2025-06-22 04:43:20,093: INFO: data_transformation: Test data shape: (320, 12)]
[2025-06-22 04:43:20,093: INFO: main: >>>> stage 'Data Transformation Stage' completed <<<<

]
[2025-06-22 20:22:24,462: INFO: common: yaml file: src\project\config\config.yaml loaded successfully]
[2025-06-22 20:22:24,467: INFO: common: yaml file: params.yaml loaded successfully]
[2025-06-22 20:22:24,471: INFO: common: yaml file: schema.yaml loaded successfully]
[2025-06-22 20:22:24,473: INFO: common: Created Directory at: artifacts]
[2025-06-22 20:22:24,475: INFO: common: Created Directory at: artifacts/model_trainer]
[2025-06-22 20:22:58,173: INFO: common: yaml file: src\project\config\config.yaml loaded successfully]
[2025-06-22 20:22:58,175: INFO: common: yaml file: params.yaml loaded successfully]
[2025-06-22 20:22:58,178: INFO: common: yaml file: schema.yaml loaded successfully]
[2025-06-22 20:22:58,179: INFO: common: Created Directory at: artifacts]
[2025-06-22 20:22:58,180: INFO: common: Created Directory at: artifacts/model_trainer]
[2025-06-22 20:24:09,695: INFO: common: yaml file: src\project\config\config.yaml loaded successfully]
[2025-06-22 20:24:09,697: INFO: common: yaml file: params.yaml loaded successfully]
[2025-06-22 20:24:09,700: INFO: common: yaml file: schema.yaml loaded successfully]
[2025-06-22 20:24:09,701: INFO: common: Created Directory at: artifacts]
[2025-06-22 20:24:09,702: INFO: common: Created Directory at: artifacts/model_trainer]
[2025-06-22 20:26:42,877: INFO: common: yaml file: src\project\config\config.yaml loaded successfully]
[2025-06-22 20:26:42,879: INFO: common: yaml file: params.yaml loaded successfully]
[2025-06-22 20:26:42,884: INFO: common: yaml file: schema.yaml loaded successfully]
[2025-06-22 20:26:42,885: INFO: common: Created Directory at: artifacts]
[2025-06-22 20:26:42,886: INFO: common: Created Directory at: artifacts/model_trainer]
[2025-06-22 20:27:24,471: INFO: common: yaml file: src\project\config\config.yaml loaded successfully]
[2025-06-22 20:27:24,473: INFO: common: yaml file: params.yaml loaded successfully]
[2025-06-22 20:27:24,475: INFO: common: yaml file: schema.yaml loaded successfully]
[2025-06-22 20:27:24,476: INFO: common: Created Directory at: artifacts]
[2025-06-22 20:27:24,477: INFO: common: Created Directory at: artifacts/model_trainer]
[2025-06-22 20:27:39,669: INFO: common: yaml file: src\project\config\config.yaml loaded successfully]
[2025-06-22 20:27:39,672: INFO: common: yaml file: params.yaml loaded successfully]
[2025-06-22 20:27:39,675: INFO: common: yaml file: schema.yaml loaded successfully]
[2025-06-22 20:27:39,677: INFO: common: Created Directory at: artifacts]
[2025-06-22 20:27:39,678: INFO: common: Created Directory at: artifacts/model_trainer]
[2025-06-22 20:28:15,107: INFO: common: yaml file: src\project\config\config.yaml loaded successfully]
[2025-06-22 20:28:15,110: INFO: common: yaml file: params.yaml loaded successfully]
[2025-06-22 20:28:15,114: INFO: common: yaml file: schema.yaml loaded successfully]
[2025-06-22 20:28:15,115: INFO: common: Created Directory at: artifacts]
[2025-06-22 20:28:15,116: INFO: common: Created Directory at: artifacts/model_trainer]
[2025-06-22 20:29:08,101: INFO: common: yaml file: src\project\config\config.yaml loaded successfully]
[2025-06-22 20:29:08,104: INFO: common: yaml file: params.yaml loaded successfully]
[2025-06-22 20:29:08,107: INFO: common: yaml file: schema.yaml loaded successfully]
[2025-06-22 20:29:08,108: INFO: common: Created Directory at: artifacts]
[2025-06-22 20:29:08,109: INFO: common: Created Directory at: artifacts/model_trainer]
[2025-06-22 20:29:35,886: INFO: common: yaml file: src\project\config\config.yaml loaded successfully]
[2025-06-22 20:29:35,889: INFO: common: yaml file: params.yaml loaded successfully]
[2025-06-22 20:29:35,893: INFO: common: yaml file: schema.yaml loaded successfully]
[2025-06-22 20:29:35,895: INFO: common: Created Directory at: artifacts]
[2025-06-22 20:29:35,897: INFO: common: Created Directory at: artifacts/model_trainer]
[2025-06-22 20:38:02,795: INFO: main: >>>> stage 'Data Ingestion Stage' started <<<<]
[2025-06-22 20:38:02,797: INFO: common: yaml file: src\project\config\config.yaml loaded successfully]
[2025-06-22 20:38:02,798: INFO: common: yaml file: params.yaml loaded successfully]
[2025-06-22 20:38:02,799: INFO: common: yaml file: schema.yaml loaded successfully]
[2025-06-22 20:38:02,800: INFO: common: Created Directory at: artifacts]
[2025-06-22 20:38:02,800: INFO: common: Created Directory at: artifacts/data_ingestion]
[2025-06-22 20:38:02,800: INFO: data_ingestion: File already exists]
[2025-06-22 20:38:02,819: INFO: main: >>>> stage 'Data Ingestion Stage' completed <<<<

]
[2025-06-22 20:38:02,819: INFO: main: >>>> stage 'Data Validation Stage' started <<<<]
[2025-06-22 20:38:02,822: INFO: common: yaml file: src\project\config\config.yaml loaded successfully]
[2025-06-22 20:38:02,823: INFO: common: yaml file: params.yaml loaded successfully]
[2025-06-22 20:38:02,825: INFO: common: yaml file: schema.yaml loaded successfully]
[2025-06-22 20:38:02,825: INFO: common: Created Directory at: artifacts]
[2025-06-22 20:38:02,826: INFO: common: Created Directory at: artifacts/data_validation]
[2025-06-22 20:38:02,841: INFO: main: >>>> stage 'Data Validation Stage' completed <<<<

]
[2025-06-22 20:38:02,842: INFO: main: >>>> stage 'Data Transformation Stage' started <<<<]
[2025-06-22 20:38:02,854: INFO: common: yaml file: src\project\config\config.yaml loaded successfully]
[2025-06-22 20:38:02,855: INFO: common: yaml file: params.yaml loaded successfully]
[2025-06-22 20:38:02,856: INFO: common: yaml file: schema.yaml loaded successfully]
[2025-06-22 20:38:02,857: INFO: common: Created Directory at: artifacts]
[2025-06-22 20:38:02,858: INFO: common: Created Directory at: artifacts/data_transformation]
[2025-06-22 20:38:02,877: INFO: data_transformation: Split the data into train-test sets]
[2025-06-22 20:38:02,877: INFO: data_transformation: Train data shape: (1279, 12)]
[2025-06-22 20:38:02,878: INFO: data_transformation: Test data shape: (320, 12)]
[2025-06-22 20:38:02,878: INFO: main: >>>> stage 'Data Transformation Stage' completed <<<<

]
[2025-06-22 20:38:02,878: INFO: main: >>>> stage 'Model Trainer Stage' started <<<<]
[2025-06-22 20:38:02,880: INFO: common: yaml file: src\project\config\config.yaml loaded successfully]
[2025-06-22 20:38:02,882: INFO: common: yaml file: params.yaml loaded successfully]
[2025-06-22 20:38:02,885: INFO: common: yaml file: schema.yaml loaded successfully]
[2025-06-22 20:38:02,886: INFO: common: Created Directory at: artifacts]
[2025-06-22 20:38:02,886: INFO: common: Created Directory at: artifacts/model_trainer]
[2025-06-22 20:38:02,926: INFO: main: >>>> stage 'Model Trainer Stage' completed <<<<

]
[2025-06-22 21:34:36,117: INFO: common: yaml file: src\project\config\config.yaml loaded successfully]
[2025-06-22 21:34:36,136: INFO: common: yaml file: params.yaml loaded successfully]
[2025-06-22 21:34:36,141: INFO: common: yaml file: schema.yaml loaded successfully]
[2025-06-22 21:34:36,143: INFO: common: Created Directory at: artifacts]
[2025-06-22 21:35:00,937: INFO: common: yaml file: src\project\config\config.yaml loaded successfully]
[2025-06-22 21:35:00,939: INFO: common: yaml file: params.yaml loaded successfully]
[2025-06-22 21:35:00,942: INFO: common: yaml file: schema.yaml loaded successfully]
[2025-06-22 21:35:00,944: INFO: common: Created Directory at: artifacts]
[2025-06-22 21:35:00,946: INFO: common: Created Directory at: artifacts/model_evaluation]
[2025-06-22 21:35:02,969: INFO: common: JSON file saved at: artifacts\model_evaluation\metrics.json]
[2025-06-22 21:47:00,690: INFO: main: >>>> stage 'Data Ingestion Stage' started <<<<]
[2025-06-22 21:47:00,693: INFO: common: yaml file: src\project\config\config.yaml loaded successfully]
[2025-06-22 21:47:00,694: INFO: common: yaml file: params.yaml loaded successfully]
[2025-06-22 21:47:00,695: INFO: common: yaml file: schema.yaml loaded successfully]
[2025-06-22 21:47:00,695: INFO: common: Created Directory at: artifacts]
[2025-06-22 21:47:00,696: INFO: common: Created Directory at: artifacts/data_ingestion]
[2025-06-22 21:47:00,697: INFO: data_ingestion: File already exists]
[2025-06-22 21:47:00,711: INFO: main: >>>> stage 'Data Ingestion Stage' completed <<<<

]
[2025-06-22 21:47:00,713: INFO: main: >>>> stage 'Data Validation Stage' started <<<<]
[2025-06-22 21:47:00,716: INFO: common: yaml file: src\project\config\config.yaml loaded successfully]
[2025-06-22 21:47:00,717: INFO: common: yaml file: params.yaml loaded successfully]
[2025-06-22 21:47:00,719: INFO: common: yaml file: schema.yaml loaded successfully]
[2025-06-22 21:47:00,719: INFO: common: Created Directory at: artifacts]
[2025-06-22 21:47:00,720: INFO: common: Created Directory at: artifacts/data_validation]
[2025-06-22 21:47:00,745: INFO: main: >>>> stage 'Data Validation Stage' completed <<<<

]
[2025-06-22 21:47:00,745: INFO: main: >>>> stage 'Data Transformation Stage' started <<<<]
[2025-06-22 21:47:00,760: INFO: common: yaml file: src\project\config\config.yaml loaded successfully]
[2025-06-22 21:47:00,761: INFO: common: yaml file: params.yaml loaded successfully]
[2025-06-22 21:47:00,763: INFO: common: yaml file: schema.yaml loaded successfully]
[2025-06-22 21:47:00,764: INFO: common: Created Directory at: artifacts]
[2025-06-22 21:47:00,764: INFO: common: Created Directory at: artifacts/data_transformation]
[2025-06-22 21:47:00,787: INFO: data_transformation: Split the data into train-test sets]
[2025-06-22 21:47:00,788: INFO: data_transformation: Train data shape: (1279, 12)]
[2025-06-22 21:47:00,788: INFO: data_transformation: Test data shape: (320, 12)]
[2025-06-22 21:47:00,789: INFO: main: >>>> stage 'Data Transformation Stage' completed <<<<

]
[2025-06-22 21:47:00,789: INFO: main: >>>> stage 'Model Trainer Stage' started <<<<]
[2025-06-22 21:47:00,792: INFO: common: yaml file: src\project\config\config.yaml loaded successfully]
[2025-06-22 21:47:00,793: INFO: common: yaml file: params.yaml loaded successfully]
[2025-06-22 21:47:00,794: INFO: common: yaml file: schema.yaml loaded successfully]
[2025-06-22 21:47:00,795: INFO: common: Created Directory at: artifacts]
[2025-06-22 21:47:00,795: INFO: common: Created Directory at: artifacts/model_trainer]
[2025-06-22 21:47:00,837: INFO: main: >>>> stage 'Model Trainer Stage' completed <<<<

]
[2025-06-22 21:47:00,838: INFO: main: >>>> stage 'Model Evaluation Stage' started <<<<]
[2025-06-22 21:47:00,840: INFO: common: yaml file: src\project\config\config.yaml loaded successfully]
[2025-06-22 21:47:00,841: INFO: common: yaml file: params.yaml loaded successfully]
[2025-06-22 21:47:00,842: INFO: common: yaml file: schema.yaml loaded successfully]
[2025-06-22 21:47:00,843: INFO: common: Created Directory at: artifacts]
[2025-06-22 21:47:00,843: INFO: common: Created Directory at: artifacts/model_evaluation]
[2025-06-22 21:47:01,580: INFO: common: JSON file saved at: artifacts\model_evaluation\metrics.json]
[2025-06-22 21:47:07,546: INFO: main: >>>> stage 'Model Evaluation Stage' completed <<<<

]
[2025-06-22 22:09:57,626: INFO: _internal: [31m[1mWARNING: This is a development server. Do not use it in a production deployment. Use a production WSGI server instead.[0m
 * Running on all addresses (0.0.0.0)
 * Running on http://127.0.0.1:8080
 * Running on http://192.168.10.193:8080]
[2025-06-22 22:09:57,628: INFO: _internal: [33mPress CTRL+C to quit[0m]
[2025-06-22 22:10:02,058: INFO: _internal: 127.0.0.1 - - [22/Jun/2025 22:10:02] "GET / HTTP/1.1" 200 -]
[2025-06-22 22:10:02,226: INFO: _internal: 127.0.0.1 - - [22/Jun/2025 22:10:02] "[33mGET /static/assets/img/form-v9.jpg HTTP/1.1[0m" 404 -]
[2025-06-22 22:10:02,279: INFO: _internal: 127.0.0.1 - - [22/Jun/2025 22:10:02] "[33mGET /favicon.ico HTTP/1.1[0m" 404 -]
[2025-06-22 22:10:28,049: INFO: _internal: 127.0.0.1 - - [22/Jun/2025 22:10:28] "POST /predict HTTP/1.1" 200 -]
[2025-06-22 22:10:28,052: INFO: _internal: 127.0.0.1 - - [22/Jun/2025 22:10:28] "POST /predict HTTP/1.1" 200 -]
